<?xml version="1.0" encoding="UTF-8"?>
<!-- Generated by org.testng.reporters.JUnitReportReporter -->
<testsuite hostname="AHMET-YARAY" failures="0" tests="1" name="yaray.AddRemoveItemBasketTest" time="21.252" errors="0" timestamp="2023-03-21T19:09:50 TRT" skipped="0">
  <testcase classname="yaray.AddRemoveItemBasketTest" name="addRemoveItem" time="21.252"/>
  <system-out/>
</testsuite> <!-- yaray.AddRemoveItemBasketTest -->
