<?xml version="1.0" encoding="UTF-8"?>
<!-- Generated by org.testng.reporters.JUnitReportReporter -->
<testsuite skipped="0" hostname="AHMET-YARAY" name="yaray.OrderCompleteTest" tests="1" failures="0" timestamp="2023-03-15T16:49:13 EET" time="46.150" errors="0">
  <testcase name="endToEndTest" time="46.150" classname="yaray.OrderCompleteTest"/>
  <system-out/>
</testsuite> <!-- yaray.OrderCompleteTest -->
