<?xml version="1.0" encoding="UTF-8"?>
<!-- Generated by org.testng.reporters.JUnitReportReporter -->
<testsuite skipped="0" hostname="AHMET-YARAY" name="yaray.AddRemoveItemBasket" tests="1" failures="0" timestamp="2023-03-15T16:49:13 EET" time="26.330" errors="0">
  <testcase name="addRemoveItem" time="26.330" classname="yaray.AddRemoveItemBasket"/>
  <system-out/>
</testsuite> <!-- yaray.AddRemoveItemBasket -->
